<?xml version="1.0" encoding="UTF-8"?>
<!-- Generated by org.testng.reporters.JUnitXMLReporter -->
<testsuite hostname="Dhanlaxmi" name="Test" tests="6" failures="0" timestamp="14 Mar 2022 18:20:39 GMT" time="0.282" errors="0">
  <testcase name="TC1" time="0.059" classname="com.test.testNG.Loginpage"/>
  <testcase name="TC2" time="0.011" classname="com.test.testNG.Loginpage"/>
  <testcase name="TC3" time="0.018" classname="com.test.testNG.Loginpage"/>
  <testcase name="TC4" time="0.007" classname="com.test.testNG.Loginpage"/>
  <testcase name="TC5" time="0.02" classname="com.test.testNG.Loginpage"/>
  <testcase name="TC6" time="0.005" classname="com.test.testNG.Loginpage"/>
</testsuite> <!-- Test -->
