<?xml version="1.0" encoding="UTF-8"?>
<testng-results skipped="0" failed="0" total="6" passed="6">
  <reporter-output>
  </reporter-output>
  <suite name="Suite" duration-ms="282" started-at="2022-03-14T18:20:39Z" finished-at="2022-03-14T18:20:39Z">
    <groups>
    </groups>
    <test name="Test" duration-ms="282" started-at="2022-03-14T18:20:39Z" finished-at="2022-03-14T18:20:39Z">
      <class name="com.test.testNG.Loginpage">
        <test-method status="PASS" signature="TC1()[pri:0, instance:com.test.testNG.Loginpage@b97c004]" name="TC1" duration-ms="59" started-at="2022-03-14T23:50:39Z" finished-at="2022-03-14T23:50:39Z">
          <reporter-output>
          </reporter-output>
        </test-method> <!-- TC1 -->
        <test-method status="PASS" signature="TC2()[pri:0, instance:com.test.testNG.Loginpage@b97c004]" name="TC2" duration-ms="11" started-at="2022-03-14T23:50:39Z" finished-at="2022-03-14T23:50:39Z">
          <reporter-output>
          </reporter-output>
        </test-method> <!-- TC2 -->
        <test-method status="PASS" signature="TC3()[pri:0, instance:com.test.testNG.Loginpage@b97c004]" name="TC3" duration-ms="18" started-at="2022-03-14T23:50:39Z" finished-at="2022-03-14T23:50:39Z">
          <reporter-output>
          </reporter-output>
        </test-method> <!-- TC3 -->
        <test-method status="PASS" signature="TC4()[pri:0, instance:com.test.testNG.Loginpage@b97c004]" name="TC4" duration-ms="7" started-at="2022-03-14T23:50:39Z" finished-at="2022-03-14T23:50:39Z">
          <reporter-output>
          </reporter-output>
        </test-method> <!-- TC4 -->
        <test-method status="PASS" signature="TC5()[pri:0, instance:com.test.testNG.Loginpage@b97c004]" name="TC5" duration-ms="20" started-at="2022-03-14T23:50:39Z" finished-at="2022-03-14T23:50:39Z">
          <reporter-output>
          </reporter-output>
        </test-method> <!-- TC5 -->
        <test-method status="PASS" signature="TC6()[pri:0, instance:com.test.testNG.Loginpage@b97c004]" name="TC6" duration-ms="5" started-at="2022-03-14T23:50:39Z" finished-at="2022-03-14T23:50:39Z">
          <reporter-output>
          </reporter-output>
        </test-method> <!-- TC6 -->
      </class> <!-- com.test.testNG.Loginpage -->
    </test> <!-- Test -->
  </suite> <!-- Suite -->
</testng-results>
